\BOOKMARK [1][-]{section.1}{Analysis}{}% 1
\BOOKMARK [1][-]{section.2}{Coding}{}% 2
\BOOKMARK [2][-]{subsection.2.1}{File overview}{section.2}% 3
\BOOKMARK [2][-]{subsection.2.2}{Environments}{section.2}% 4
\BOOKMARK [2][-]{subsection.2.3}{Random Network Distillation \(RND\) Algorithm}{section.2}% 5
\BOOKMARK [2][-]{subsection.2.4}{Conservative Q-Learning \(CQL\) Algorithm}{section.2}% 6
\BOOKMARK [2][-]{subsection.2.5}{Advantage Weighted Actor Critic \(AWAC\) Algorithm}{section.2}% 7
\BOOKMARK [2][-]{subsection.2.6}{Implicit Q-Learning \(IQL\) Algorithm}{section.2}% 8
\BOOKMARK [2][-]{subsection.2.7}{Relevant Literature}{section.2}% 9
\BOOKMARK [2][-]{subsection.2.8}{Implementation}{section.2}% 10
\BOOKMARK [2][-]{subsection.2.9}{Evaluation}{section.2}% 11
\BOOKMARK [1][-]{section.3}{Exploration}{}% 12
\BOOKMARK [2][-]{subsection.3.1}{Running a random policy}{section.3}% 13
\BOOKMARK [2][-]{subsection.3.2}{Random Network Distillation}{section.3}% 14
\BOOKMARK [1][-]{section.4}{Offline RL}{}% 15
\BOOKMARK [2][-]{subsection.4.1}{CQL}{section.4}% 16
\BOOKMARK [2][-]{subsection.4.2}{Policy Constraint Methods: IQL and AWAC}{section.4}% 17
\BOOKMARK [2][-]{subsection.4.3}{Data ablations}{section.4}% 18
\BOOKMARK [1][-]{section.5}{Online Fine-Tuning}{}% 19
\BOOKMARK [1][-]{section.6}{Submitting the code and experiment runs}{}% 20
